c:\users\lucas\downloads\juegosupervivenciaenc\juegosup.b0746e07\x64\debug\vc143.pdb
c:\users\lucas\downloads\juegosupervivenciaenc\juegosup.b0746e07\x64\debug\vc143.idb
c:\users\lucas\downloads\juegosupervivenciaenc\juegosup.b0746e07\x64\debug\utilidades.obj
c:\users\lucas\downloads\juegosupervivenciaenc\juegosup.b0746e07\x64\debug\recursos.obj
c:\users\lucas\downloads\juegosupervivenciaenc\juegosup.b0746e07\x64\debug\mapa.obj
c:\users\lucas\downloads\juegosupervivenciaenc\juegosup.b0746e07\x64\debug\main.obj
c:\users\lucas\downloads\juegosupervivenciaenc\juegosup.b0746e07\x64\debug\jugador.obj
c:\users\lucas\downloads\juegosupervivenciaenc\juegosup.b0746e07\x64\debug\enemigo.obj
c:\users\lucas\downloads\juegosupervivenciaenc\juegosup.b0746e07\x64\debug\camara.obj
c:\users\lucas\downloads\juegosupervivenciaenc\juegosup.b0746e07\x64\debug\animales.obj
c:\users\lucas\downloads\juegosupervivenciaenc\juegosup.b0746e07\x64\debug\refugio.obj
c:\users\lucas\downloads\juegosupervivenciaenc\juegosup.b0746e07\x64\debug\xsdas.obj
c:\users\lucas\downloads\juegosupervivenciaenc\x64\debug\juegosupervivenciaenc.exe
c:\users\lucas\downloads\juegosupervivenciaenc\x64\debug\juegosupervivenciaenc.pdb
c:\users\lucas\downloads\juegosupervivenciaenc\juegosup.b0746e07\x64\debug\juegosupervivenciaenc.ilk
c:\users\lucas\downloads\juegosupervivenciaenc\juegosup.b0746e07\x64\debug\juegosup.b0746e07.tlog\cl.command.1.tlog
c:\users\lucas\downloads\juegosupervivenciaenc\juegosup.b0746e07\x64\debug\juegosup.b0746e07.tlog\cl.items.tlog
c:\users\lucas\downloads\juegosupervivenciaenc\juegosup.b0746e07\x64\debug\juegosup.b0746e07.tlog\cl.read.1.tlog
c:\users\lucas\downloads\juegosupervivenciaenc\juegosup.b0746e07\x64\debug\juegosup.b0746e07.tlog\cl.write.1.tlog
c:\users\lucas\downloads\juegosupervivenciaenc\juegosup.b0746e07\x64\debug\juegosup.b0746e07.tlog\link.command.1.tlog
c:\users\lucas\downloads\juegosupervivenciaenc\juegosup.b0746e07\x64\debug\juegosup.b0746e07.tlog\link.read.1.tlog
c:\users\lucas\downloads\juegosupervivenciaenc\juegosup.b0746e07\x64\debug\juegosup.b0746e07.tlog\link.secondary.1.tlog
c:\users\lucas\downloads\juegosupervivenciaenc\juegosup.b0746e07\x64\debug\juegosup.b0746e07.tlog\link.write.1.tlog
